0 info it worked if it ends with ok
1 verbose cli [ '/usr/bin/node',
1 verbose cli   '/usr/bin/npm',
1 verbose cli   'install',
1 verbose cli   'bootstrap-social@5.5.1',
1 verbose cli   '--save' ]
2 info using npm@3.5.2
3 info using node@v8.10.0
4 silly loadCurrentTree Starting
5 silly install loadCurrentTree
6 silly install readLocalPackageData
7 silly fetchPackageMetaData bootstrap-social@5.5.1
8 silly fetchNamedPackageData bootstrap-social
9 silly mapToRegistry name bootstrap-social
10 silly mapToRegistry using default registry
11 silly mapToRegistry registry https://registry.npmjs.org/
12 silly mapToRegistry uri https://registry.npmjs.org/bootstrap-social
13 verbose request uri https://registry.npmjs.org/bootstrap-social
14 verbose request no auth needed
15 info attempt registry request try #1 at 12:24:15
16 verbose request id 5873b1ed92022ee5
17 http request GET https://registry.npmjs.org/bootstrap-social
18 http 200 https://registry.npmjs.org/bootstrap-social
19 verbose headers { date: 'Wed, 20 May 2020 06:24:16 GMT',
19 verbose headers   'content-type': 'application/json; charset=UTF-8',
19 verbose headers   'transfer-encoding': 'chunked',
19 verbose headers   connection: 'keep-alive',
19 verbose headers   'set-cookie':
19 verbose headers    [ '__cfduid=d8b6a3cb489c21e1099d4ce0454ac30e81589955856; expires=Fri, 19-Jun-20 06:24:16 GMT; path=/; domain=.npmjs.org; HttpOnly; SameSite=Lax' ],
19 verbose headers   'cf-ray': '5963f9441ed48fa3-DME',
19 verbose headers   'cache-control': 'public, max-age=300',
19 verbose headers   etag: 'W/"8288fb5e2abb430ce6297fb1d051bef0"',
19 verbose headers   'last-modified': 'Sat, 26 May 2018 18:46:58 GMT',
19 verbose headers   vary: 'accept-encoding, accept',
19 verbose headers   'cf-cache-status': 'EXPIRED',
19 verbose headers   'expect-ct': 'max-age=604800, report-uri="https://report-uri.cloudflare.com/cdn-cgi/beacon/expect-ct"',
19 verbose headers   server: 'cloudflare',
19 verbose headers   'content-encoding': 'gzip',
19 verbose headers   'cf-request-id': '02d25a1e9100008fa39115b200000001' }
20 silly get cb [ 200,
20 silly get   { date: 'Wed, 20 May 2020 06:24:16 GMT',
20 silly get     'content-type': 'application/json; charset=UTF-8',
20 silly get     'transfer-encoding': 'chunked',
20 silly get     connection: 'keep-alive',
20 silly get     'set-cookie':
20 silly get      [ '__cfduid=d8b6a3cb489c21e1099d4ce0454ac30e81589955856; expires=Fri, 19-Jun-20 06:24:16 GMT; path=/; domain=.npmjs.org; HttpOnly; SameSite=Lax' ],
20 silly get     'cf-ray': '5963f9441ed48fa3-DME',
20 silly get     'cache-control': 'public, max-age=300',
20 silly get     etag: 'W/"8288fb5e2abb430ce6297fb1d051bef0"',
20 silly get     'last-modified': 'Sat, 26 May 2018 18:46:58 GMT',
20 silly get     vary: 'accept-encoding, accept',
20 silly get     'cf-cache-status': 'EXPIRED',
20 silly get     'expect-ct': 'max-age=604800, report-uri="https://report-uri.cloudflare.com/cdn-cgi/beacon/expect-ct"',
20 silly get     server: 'cloudflare',
20 silly get     'content-encoding': 'gzip',
20 silly get     'cf-request-id': '02d25a1e9100008fa39115b200000001' } ]
21 verbose get saving bootstrap-social to /home/aysana/.npm/registry.npmjs.org/bootstrap-social/.cache.json
22 silly fetchPackageMetaData Error: No compatible version found: bootstrap-social@5.5.1
22 silly fetchPackageMetaData Valid install targets:
22 silly fetchPackageMetaData 5.1.1, 5.0.0, 4.11.0, 4.9.1, 4.8.0
22 silly fetchPackageMetaData
22 silly fetchPackageMetaData     at pickVersionFromRegistryDocument (/usr/share/npm/lib/fetch-package-metadata.js:156:16)
22 silly fetchPackageMetaData     at /usr/share/npm/node_modules/iferr/index.js:13:50
22 silly fetchPackageMetaData     at /usr/share/npm/lib/utils/pulse-till-done.js:19:8
22 silly fetchPackageMetaData     at saved (/usr/share/npm/lib/cache/caching-client.js:168:7)
22 silly fetchPackageMetaData     at /usr/share/npm/node_modules/graceful-fs/polyfills.js:210:7
22 silly fetchPackageMetaData     at FSReqWrap.oncomplete (fs.js:135:15)
22 silly fetchPackageMetaData  error for bootstrap-social@5.5.1 Error: No compatible version found: bootstrap-social@5.5.1
22 silly fetchPackageMetaData Valid install targets:
22 silly fetchPackageMetaData 5.1.1, 5.0.0, 4.11.0, 4.9.1, 4.8.0
22 silly fetchPackageMetaData
22 silly fetchPackageMetaData     at pickVersionFromRegistryDocument (/usr/share/npm/lib/fetch-package-metadata.js:156:16)
22 silly fetchPackageMetaData     at /usr/share/npm/node_modules/iferr/index.js:13:50
22 silly fetchPackageMetaData     at /usr/share/npm/lib/utils/pulse-till-done.js:19:8
22 silly fetchPackageMetaData     at saved (/usr/share/npm/lib/cache/caching-client.js:168:7)
22 silly fetchPackageMetaData     at /usr/share/npm/node_modules/graceful-fs/polyfills.js:210:7
22 silly fetchPackageMetaData     at FSReqWrap.oncomplete (fs.js:135:15)
23 silly rollbackFailedOptional Starting
24 silly rollbackFailedOptional Finishing
25 silly runTopLevelLifecycles Starting
26 silly runTopLevelLifecycles Finishing
27 silly install printInstalled
28 verbose stack Error: No compatible version found: bootstrap-social@5.5.1
28 verbose stack Valid install targets:
28 verbose stack 5.1.1, 5.0.0, 4.11.0, 4.9.1, 4.8.0
28 verbose stack
28 verbose stack     at pickVersionFromRegistryDocument (/usr/share/npm/lib/fetch-package-metadata.js:156:16)
28 verbose stack     at /usr/share/npm/node_modules/iferr/index.js:13:50
28 verbose stack     at /usr/share/npm/lib/utils/pulse-till-done.js:19:8
28 verbose stack     at saved (/usr/share/npm/lib/cache/caching-client.js:168:7)
28 verbose stack     at /usr/share/npm/node_modules/graceful-fs/polyfills.js:210:7
28 verbose stack     at FSReqWrap.oncomplete (fs.js:135:15)
29 verbose cwd /home/aysana/Desktop/coursera1/Bootstrap4/conFusion
30 error Linux 5.3.0-51-generic
31 error argv "/usr/bin/node" "/usr/bin/npm" "install" "bootstrap-social@5.5.1" "--save"
32 error node v8.10.0
33 error npm  v3.5.2
34 error No compatible version found: bootstrap-social@5.5.1
34 error Valid install targets:
34 error 5.1.1, 5.0.0, 4.11.0, 4.9.1, 4.8.0
35 error If you need help, you may report this error at:
35 error     <https://github.com/npm/npm/issues>
36 verbose exit [ 1, true ]
